#
# There is insufficient memory for the Java Runtime Environment to continue.
# Native memory allocation (mmap) failed to map 268435456 bytes for G1 virtual space
# Possible reasons:
#   The system is out of physical RAM or swap space
#   The process is running with CompressedOops enabled, and the Java Heap may be blocking the growth of the native heap
# Possible solutions:
#   Reduce memory load on the system
#   Increase physical memory or swap space
#   Check if swap backing store is full
#   Decrease Java heap size (-Xmx/-Xms)
#   Decrease number of Java threads
#   Decrease Java thread stack sizes (-Xss)
#   Set larger code cache with -XX:ReservedCodeCacheSize=
#   JVM is running with Zero Based Compressed Oops mode in which the Java heap is
#     placed in the first 32GB address space. The Java Heap base address is the
#     maximum limit for the native heap growth. Please use -XX:HeapBaseMinAddress
#     to set the Java Heap base and to place the Java Heap above 32GB virtual address.
# This output file may be truncated or incomplete.
#
#  Out of Memory Error (os_windows.cpp:3530), pid=27316, tid=21208
#
# JRE version:  (18.0.2.1+1) (build )
# Java VM: OpenJDK 64-Bit Server VM (18.0.2.1+1-1, mixed mode, sharing, tiered, compressed oops, compressed class ptrs, g1 gc, windows-amd64)
# No core dump will be written. Minidumps are not enabled by default on client versions of Windows
#

---------------  S U M M A R Y ------------

Command Line: -Dfile.encoding=EUC-KR -XX:+ShowCodeDetailsInExceptionMessages javaexp.ConsoleProject.LoginApp

Host: AMD Ryzen 5 3600 6-Core Processor              , 12 cores, 15G,  Windows 11 , 64 bit Build 22000 (10.0.22000.708)
Time: Sat Oct  1 00:18:33 2022  Windows 11 , 64 bit Build 22000 (10.0.22000.708) elapsed time: 0.016656 seconds (0d 0h 0m 0s)

---------------  T H R E A D  ---------------

Current thread (0x000001aab574fc10):  JavaThread "Unknown thread" [_thread_in_vm, id=21208, stack(0x0000002decf00000,0x0000002ded000000)]

Stack: [0x0000002decf00000,0x0000002ded000000]
Native frames: (J=compiled Java code, j=interpreted, Vv=VM code, C=native code)
V  [jvm.dll+0x6993aa]
V  [jvm.dll+0x7f46dd]
V  [jvm.dll+0x7f5fee]
V  [jvm.dll+0x7f66a3]
V  [jvm.dll+0x25cf1f]
V  [jvm.dll+0x6962f9]
V  [jvm.dll+0x68ae2a]
V  [jvm.dll+0x32255b]
V  [jvm.dll+0x329f36]
V  [jvm.dll+0x37eade]
V  [jvm.dll+0x37ed0f]
V  [jvm.dll+0x2fa2da]
V  [jvm.dll+0x2fb33d]
V  [jvm.dll+0x7c3310]
V  [jvm.dll+0x38be61]
V  [jvm.dll+0x7a2023]
V  [jvm.dll+0x40dc3f]
V  [jvm.dll+0x40f611]
C  [jli.dll+0x526b]
C  [ucrtbase.dll+0x26c0c]
C  [KERNEL32.DLL+0x154e0]
C  [ntdll.dll+0x485b]


---------------  P R O C E S S  ---------------

Threads class SMR info:
_java_thread_list=0x00007ffc11dae550, length=0, elements={
}

Java Threads: ( => current thread )

Other Threads:
  0x000001aab57c34b0 WorkerThread "GC Thread#0" [stack: 0x0000002ded000000,0x0000002ded100000] [id=13292]
  0x000001aab57d4bb0 ConcurrentGCThread "G1 Main Marker" [stack: 0x0000002ded100000,0x0000002ded200000] [id=11324]
  0x000001aab57d55a0 WorkerThread "G1 Conc#0" [stack: 0x0000002ded200000,0x0000002ded300000] [id=18044]

[error occurred during error reporting (printing all threads), id 0xc0000005, EXCEPTION_ACCESS_VIOLATION (0xc0000005) at pc=0x00007ffc115da877]

VM state: not at safepoint (not fully initialized)

VM Mutex/Monitor currently owned by a thread:  ([mutex/lock_event])
[0x000001aab574ab70] Heap_lock - owner thread: 0x000001aab574fc10

Heap address: 0x0000000701200000, size: 4078 MB, Compressed Oops mode: Zero based, Oop shift amount: 3

CDS archive(s) mapped at: [0x0000000000000000-0x0000000000000000-0x0000000000000000), size 0, SharedBaseAddress: 0x0000000800000000, ArchiveRelocationMode: 0.
Narrow klass base: 0x0000000000000000, Narrow klass shift: 0, Narrow klass range: 0x0

GC Precious Log:
 CardTable entry size: 512
 Card Set container configuration: InlinePtr #cards 4 size 8 Array Of Cards #cards 16 size 48 Howl #buckets 8 coarsen threshold 3686 Howl Bitmap #cards 512 size 80 coarsen threshold 460 Card regions per heap region 1 cards per card region 4096

Heap:
 garbage-first heap   total 0K, used 0K [0x0000000701200000, 0x0000000800000000)
  region size 2048K, 0 young (0K), 0 survivors (0K)

[error occurred during error reporting (printing heap information), id 0xc0000005, EXCEPTION_ACCESS_VIOLATION (0xc0000005) at pc=0x00007ffc119c1839]

GC Heap History (0 events):
No events

Deoptimization events (0 events):
No events

Classes loaded (0 events):
No events

Classes unloaded (0 events):
No events

Classes redefined (0 events):
No events

Internal exceptions (0 events):
No events

VM Operations (0 events):
No events

Events (1 events):
Event: 0.012 Loaded shared library C:\a01_javaexp\jdk-18.0.2.1\bin\java.dll


Dynamic libraries:
0x00007ff73c2a0000 - 0x00007ff73c2ae000 	C:\a01_javaexp\jdk-18.0.2.1\bin\javaw.exe
0x00007ffc8a820000 - 0x00007ffc8aa29000 	C:\WINDOWS\SYSTEM32\ntdll.dll
0x00007ffc89a20000 - 0x00007ffc89add000 	C:\WINDOWS\System32\KERNEL32.DLL
0x00007ffc87ea0000 - 0x00007ffc8821c000 	C:\WINDOWS\System32\KERNELBASE.dll
0x00007ffc884d0000 - 0x00007ffc885e1000 	C:\WINDOWS\System32\ucrtbase.dll
0x00007ffc844c0000 - 0x00007ffc844d7000 	C:\a01_javaexp\jdk-18.0.2.1\bin\jli.dll
0x00007ffc83ac0000 - 0x00007ffc83ada000 	C:\a01_javaexp\jdk-18.0.2.1\bin\VCRUNTIME140.dll
0x00007ffc89e60000 - 0x00007ffc8a00d000 	C:\WINDOWS\System32\USER32.dll
0x00007ffc87e70000 - 0x00007ffc87e96000 	C:\WINDOWS\System32\win32u.dll
0x00007ffc8a6f0000 - 0x00007ffc8a719000 	C:\WINDOWS\System32\GDI32.dll
0x00007ffc883b0000 - 0x00007ffc884c9000 	C:\WINDOWS\System32\gdi32full.dll
0x00007ffc882a0000 - 0x00007ffc8833d000 	C:\WINDOWS\System32\msvcp_win.dll
0x00007ffc71c10000 - 0x00007ffc71eb5000 	C:\WINDOWS\WinSxS\amd64_microsoft.windows.common-controls_6595b64144ccf1df_6.0.22000.120_none_9d947278b86cc467\COMCTL32.dll
0x00007ffc89620000 - 0x00007ffc896c3000 	C:\WINDOWS\System32\msvcrt.dll
0x00007ffc89800000 - 0x00007ffc89831000 	C:\WINDOWS\System32\IMM32.DLL
0x00007ffc7ed80000 - 0x00007ffc7ed8c000 	C:\a01_javaexp\jdk-18.0.2.1\bin\vcruntime140_1.dll
0x00007ffc75660000 - 0x00007ffc756ed000 	C:\a01_javaexp\jdk-18.0.2.1\bin\msvcp140.dll
0x00007ffc112d0000 - 0x00007ffc11ee1000 	C:\a01_javaexp\jdk-18.0.2.1\bin\server\jvm.dll
0x00007ffc8a640000 - 0x00007ffc8a6ee000 	C:\WINDOWS\System32\ADVAPI32.dll
0x00007ffc887b0000 - 0x00007ffc8884e000 	C:\WINDOWS\System32\sechost.dll
0x00007ffc89cd0000 - 0x00007ffc89df0000 	C:\WINDOWS\System32\RPCRT4.dll
0x00007ffc896d0000 - 0x00007ffc896d8000 	C:\WINDOWS\System32\PSAPI.DLL
0x00007ffc74910000 - 0x00007ffc74919000 	C:\WINDOWS\SYSTEM32\WSOCK32.dll
0x00007ffc82750000 - 0x00007ffc82783000 	C:\WINDOWS\SYSTEM32\WINMM.dll
0x00007ffc89df0000 - 0x00007ffc89e5f000 	C:\WINDOWS\System32\WS2_32.dll
0x00007ffc83c90000 - 0x00007ffc83c9a000 	C:\WINDOWS\SYSTEM32\VERSION.dll
0x00007ffc86e90000 - 0x00007ffc86ea8000 	C:\WINDOWS\SYSTEM32\kernel.appcore.dll
0x00007ffc7d860000 - 0x00007ffc7d86a000 	C:\a01_javaexp\jdk-18.0.2.1\bin\jimage.dll
0x00007ffc79d90000 - 0x00007ffc79fb1000 	C:\WINDOWS\SYSTEM32\DBGHELP.DLL
0x00007ffc722c0000 - 0x00007ffc722f1000 	C:\WINDOWS\SYSTEM32\dbgcore.DLL
0x00007ffc88220000 - 0x00007ffc8829f000 	C:\WINDOWS\System32\bcryptPrimitives.dll
0x00007ffc7bd00000 - 0x00007ffc7bd25000 	C:\a01_javaexp\jdk-18.0.2.1\bin\java.dll

dbghelp: loaded successfully - version: 4.0.5 - missing functions: none
symbol engine: initialized successfully - sym options: 0x614 - pdb path: .;C:\a01_javaexp\jdk-18.0.2.1\bin;C:\WINDOWS\SYSTEM32;C:\WINDOWS\WinSxS\amd64_microsoft.windows.common-controls_6595b64144ccf1df_6.0.22000.120_none_9d947278b86cc467;C:\a01_javaexp\jdk-18.0.2.1\bin\server

VM Arguments:
jvm_args: -Dfile.encoding=EUC-KR -XX:+ShowCodeDetailsInExceptionMessages 
java_command: javaexp.ConsoleProject.LoginApp
java_class_path (initial): C:\a01_javaexp\eclipse2\javaexp\bin
Launcher Type: SUN_STANDARD

[Global flags]
     intx CICompilerCount                          = 4                                         {product} {ergonomic}
     uint ConcGCThreads                            = 3                                         {product} {ergonomic}
     uint G1ConcRefinementThreads                  = 10                                        {product} {ergonomic}
   size_t G1HeapRegionSize                         = 2097152                                   {product} {ergonomic}
    uintx GCDrainStackTargetSize                   = 64                                        {product} {ergonomic}
   size_t InitialHeapSize                          = 268435456                                 {product} {ergonomic}
   size_t MarkStackSize                            = 4194304                                   {product} {ergonomic}
   size_t MaxHeapSize                              = 4276092928                                {product} {ergonomic}
   size_t MinHeapDeltaBytes                        = 2097152                                   {product} {ergonomic}
   size_t MinHeapSize                              = 8388608                                   {product} {ergonomic}
    uintx NonNMethodCodeHeapSize                   = 5839372                                {pd product} {ergonomic}
    uintx NonProfiledCodeHeapSize                  = 122909434                              {pd product} {ergonomic}
    uintx ProfiledCodeHeapSize                     = 122909434                              {pd product} {ergonomic}
    uintx ReservedCodeCacheSize                    = 251658240                              {pd product} {ergonomic}
     bool SegmentedCodeCache                       = true                                      {product} {ergonomic}
     bool ShowCodeDetailsInExceptionMessages       = true                                   {manageable} {command line}
   size_t SoftMaxHeapSize                          = 4276092928                             {manageable} {ergonomic}
     bool UseCompressedClassPointers               = true                           {product lp64_product} {ergonomic}
     bool UseCompressedOops                        = true                           {product lp64_product} {ergonomic}
     bool UseG1GC                                  = true                                      {product} {ergonomic}
     bool UseLargePagesIndividualAllocation        = false                                  {pd product} {ergonomic}

Logging:
Log output configuration:
 #0: stdout all=warning uptime,level,tags foldmultilines=false
 #1: stderr all=off uptime,level,tags foldmultilines=false

Environment Variables:
PATH=C:/Users/aoddl/.p2/pool/plugins/org.eclipse.justj.openjdk.hotspot.jre.full.win32.x86_64_18.0.2.v20220903-1139/jre/bin/server;C:/Users/aoddl/.p2/pool/plugins/org.eclipse.justj.openjdk.hotspot.jre.full.win32.x86_64_18.0.2.v20220903-1139/jre/bin;C:\oraclexe\app\oracle\product\11.2.0\server\bin;;c:\a01_javaexp\java\bin\;C:\Program Files (x86)\NAT Service;C:\WINDOWS\system32;C:\WINDOWS;C:\WINDOWS\System32\Wbem;C:\WINDOWS\System32\WindowsPowerShell\v1.0\;C:\WINDOWS\System32\OpenSSH\;C:\Program Files (x86)\NVIDIA Corporation\PhysX\Common;C:\Program Files\NVIDIA Corporation\NVIDIA NvDLISR;C:\WINDOWS\system32;C:\WINDOWS;C:\WINDOWS\System32\Wbem;C:\WINDOWS\System32\WindowsPowerShell\v1.0\;C:\WINDOWS\System32\OpenSSH\;C:\Program Files\dotnet\;C:\Program Files\Git\cmd;C:\Users\aoddl\AppData\Local\Microsoft\WindowsApps;C:\Users\aoddl\AppData\Local\afreeca;C:\Users\aoddl\AppData\Local\Programs\Microsoft VS Code\bin;c:\a01_javaexp\jdk-18.0.2.1\bin\;;C:\WINDOWS\system32;
USERNAME=aoddl
LC_ALL=ko_KR.UTF-8
OS=Windows_NT
PROCESSOR_IDENTIFIER=AMD64 Family 23 Model 113 Stepping 0, AuthenticAMD



---------------  S Y S T E M  ---------------

OS:
 Windows 11 , 64 bit Build 22000 (10.0.22000.708)
OS uptime: 0 days 15:36 hours

CPU: total 12 (initial active 12) (12 cores per cpu, 2 threads per core) family 23 model 113 stepping 0 microcode 0x0, cx8, cmov, fxsr, ht, mmx, 3dnowpref, sse, sse2, sse3, ssse3, sse4a, sse4.1, sse4.2, popcnt, lzcnt, tsc, tscinvbit, avx, avx2, aes, clmul, bmi1, bmi2, adx, sha, fma, vzeroupper, clflush, clflushopt

Memory: 4k page, system-wide physical 16306M (6570M free)
TotalPageFile size 16306M (AvailPageFile size 261M)
current process WorkingSet (physical memory assigned to process): 11M, peak: 11M
current process commit charge ("private bytes"): 64M, peak: 320M

vm_info: OpenJDK 64-Bit Server VM (18.0.2.1+1-1) for windows-amd64 JRE (18.0.2.1+1-1), built on Aug 16 2022 01:44:29 by "mach5one" with MS VC++ 16.8 / 16.9 (VS2019)

END.
